<?xml version="1.0" encoding="UTF-8"?>
<!-- Generated by org.testng.reporters.JUnitReportReporter -->
<testsuite hostname="MansiDixit" failures="0" tests="1" name="com.au.automation.sorting.SortingTests" time="7.579" errors="0" timestamp="2022-06-30T10:16:56 AEST" skipped="0">
  <testcase classname="com.au.automation.sorting.SortingTests" name="testSortLowestToHighest" time="7.579"/>
  <system-out/>
</testsuite> <!-- com.au.automation.sorting.SortingTests -->
